<?xml version="1.0" encoding="UTF-8"?>
<!-- Generated by org.testng.reporters.JUnitReportReporter -->
<testsuite hostname="LAPTOP-06O5FH9R" failures="0" tests="1" name="testrunnerTest.testrunnertestngTest" time="0.690" errors="0" timestamp="2021-12-03T01:19:15 IST" skipped="0">
  <testcase classname="testrunnerTest.testrunnertestngTest" name="runScenario" time="0.690"/>
  <system-out/>
</testsuite> <!-- testrunnerTest.testrunnertestngTest -->
